<?xml version="1.0" encoding="UTF-8"?>
<coverage generated="1575580904721" clover="3.2.0">
  <project timestamp="1575580904721" name="All files">
    <metrics statements="27" coveredstatements="12" conditionals="4" coveredconditionals="0" methods="4" coveredmethods="0" elements="35" coveredelements="12" complexity="0" loc="27" ncloc="27" packages="1" files="2" classes="2"/>
    <file name="edit-file-async.js" path="/Users/iansmith/deltav/401/labs/lab-03/edit-file-async.js">
      <metrics statements="13" coveredstatements="6" conditionals="2" coveredconditionals="0" methods="1" coveredmethods="0"/>
      <line num="3" count="1" type="stmt"/>
      <line num="4" count="1" type="stmt"/>
      <line num="5" count="1" type="stmt"/>
      <line num="6" count="1" type="stmt"/>
      <line num="7" count="1" type="stmt"/>
      <line num="10" count="0" type="stmt"/>
      <line num="11" count="0" type="stmt"/>
      <line num="13" count="0" type="stmt"/>
      <line num="14" count="0" type="stmt"/>
      <line num="16" count="0" type="stmt"/>
      <line num="18" count="0" type="cond" truecount="0" falsecount="2"/>
      <line num="19" count="0" type="stmt"/>
      <line num="22" count="1" type="stmt"/>
    </file>
    <file name="edit-file-promise.js" path="/Users/iansmith/deltav/401/labs/lab-03/edit-file-promise.js">
      <metrics statements="14" coveredstatements="6" conditionals="2" coveredconditionals="0" methods="3" coveredmethods="0"/>
      <line num="3" count="1" type="stmt"/>
      <line num="4" count="1" type="stmt"/>
      <line num="5" count="1" type="stmt"/>
      <line num="6" count="1" type="stmt"/>
      <line num="7" count="1" type="stmt"/>
      <line num="10" count="0" type="stmt"/>
      <line num="12" count="0" type="stmt"/>
      <line num="13" count="0" type="stmt"/>
      <line num="14" count="0" type="stmt"/>
      <line num="15" count="0" type="stmt"/>
      <line num="16" count="0" type="stmt"/>
      <line num="18" count="0" type="cond" truecount="0" falsecount="2"/>
      <line num="19" count="0" type="stmt"/>
      <line num="24" count="1" type="stmt"/>
    </file>
  </project>
</coverage>
